#
# A fatal error has been detected by the Java Runtime Environment:
#
#  Internal Error (javaClasses.cpp:136), pid=6116, tid=5656
#  fatal error: Invalid layout of preloaded class
#
# JRE version:  (7.0_55-b14) (build )
# Java VM: Java HotSpot(TM) Client VM (24.55-b03 mixed mode windows-x86 )
# Failed to write core dump. Minidumps are not enabled by default on client versions of Windows
#
# If you would like to submit a bug report, please visit:
#   http://bugreport.sun.com/bugreport/crash.jsp
#

---------------  T H R E A D  ---------------

Current thread (0x0038d000):  JavaThread "Unknown thread" [_thread_in_vm, id=5656, stack(0x027b0000,0x02800000)]

Stack: [0x027b0000,0x02800000],  sp=0x027ff8b4,  free space=318k
Native frames: (J=compiled Java code, j=interpreted, Vv=VM code, C=native code)
V  [jvm.dll+0x18e051]
V  [jvm.dll+0x187dd6]
V  [jvm.dll+0x358ba]
V  [jvm.dll+0x35946]
V  [jvm.dll+0x43fed]
V  [jvm.dll+0x4429e]
V  [jvm.dll+0x926aa]
V  [jvm.dll+0x92a5b]
V  [jvm.dll+0x13db41]
V  [jvm.dll+0x1606ac]
V  [jvm.dll+0xc8e1f]
C  [javaw.exe+0x13ce]
C  [javaw.exe+0x1e40]
C  [javaw.exe+0xa5b1]
C  [javaw.exe+0xa63b]
C  [kernel32.dll+0x1339a]
C  [ntdll.dll+0x3bf32]
C  [ntdll.dll+0x3bf05]


---------------  P R O C E S S  ---------------

Java Threads: ( => current thread )

Other Threads:

=>0x0038d000 (exited) JavaThread "Unknown thread" [_thread_in_vm, id=5656, stack(0x027b0000,0x02800000)]

VM state:not at safepoint (not fully initialized)

VM Mutex/Monitor currently owned by a thread: None

GC Heap History (0 events):
No events

Deoptimization events (0 events):
No events

Internal exceptions (0 events):
No events

Events (10 events):
Event: 0.006 loading class 0x00449b10
Event: 0.007 loading class 0x00449b10 done
Event: 0.007 loading class 0x00449b50
Event: 0.007 loading class 0x0044a0c0
Event: 0.007 loading class 0x0044a0c0 done
Event: 0.007 loading class 0x0044fc88
Event: 0.007 loading class 0x0044fc88 done
Event: 0.007 loading class 0x00449b50 done
Event: 0.007 loading class 0x00449b30
Event: 0.007 loading class 0x00449b30 done


Dynamic libraries:
0x00b00000 - 0x00b2f000 	C:\Program Files (x86)\Java\jre7\bin\javaw.exe
0x77c20000 - 0x77da0000 	C:\Windows\SysWOW64\ntdll.dll
0x76500000 - 0x76610000 	C:\Windows\syswow64\kernel32.dll
0x760f0000 - 0x76137000 	C:\Windows\syswow64\KERNELBASE.dll
0x76740000 - 0x767e0000 	C:\Windows\syswow64\ADVAPI32.dll
0x75cc0000 - 0x75d6c000 	C:\Windows\syswow64\msvcrt.dll
0x75fe0000 - 0x75ff9000 	C:\Windows\SysWOW64\sechost.dll
0x767f0000 - 0x768e0000 	C:\Windows\syswow64\RPCRT4.dll
0x75640000 - 0x756a0000 	C:\Windows\syswow64\SspiCli.dll
0x75630000 - 0x7563c000 	C:\Windows\syswow64\CRYPTBASE.dll
0x756a0000 - 0x757a0000 	C:\Windows\syswow64\USER32.dll
0x76330000 - 0x763c0000 	C:\Windows\syswow64\GDI32.dll
0x757f0000 - 0x757fa000 	C:\Windows\syswow64\LPK.dll
0x77560000 - 0x775fd000 	C:\Windows\syswow64\USP10.dll
0x732f0000 - 0x7348e000 	C:\Windows\WinSxS\x86_microsoft.windows.common-controls_6595b64144ccf1df_6.0.7601.17514_none_41e6975e2bd6f2b2\COMCTL32.dll
0x766e0000 - 0x76737000 	C:\Windows\syswow64\SHLWAPI.dll
0x777c0000 - 0x77820000 	C:\Windows\system32\IMM32.DLL
0x75f10000 - 0x75fdc000 	C:\Windows\syswow64\MSCTF.dll
0x10000000 - 0x10008000 	C:\Windows\KATRACK.DLL
0x62240000 - 0x622ff000 	C:\Program Files (x86)\Java\jre7\bin\msvcr100.dll
0x5fc90000 - 0x60010000 	C:\Program Files (x86)\Java\jre7\bin\client\jvm.dll
0x73b20000 - 0x73b27000 	C:\Windows\system32\WSOCK32.dll
0x757b0000 - 0x757e5000 	C:\Windows\syswow64\WS2_32.dll
0x75d70000 - 0x75d76000 	C:\Windows\syswow64\NSI.dll
0x75010000 - 0x75042000 	C:\Windows\system32\WINMM.dll
0x75ab0000 - 0x75ab5000 	C:\Windows\syswow64\PSAPI.DLL
0x6d600000 - 0x6d60c000 	C:\Program Files (x86)\Java\jre7\bin\verify.dll
0x6d5e0000 - 0x6d600000 	C:\Program Files (x86)\Java\jre7\bin\java.dll
0x6d5c0000 - 0x6d5d3000 	C:\Program Files (x86)\Java\jre7\bin\zip.dll
0x694c0000 - 0x695ab000 	C:\Windows\system32\dbghelp.dll

VM Arguments:
jvm_args: -Dfile.encoding=Cp1252 -Xbootclasspath:C:\lejosbeta9\lejos_nxj\lib\nxt\classes.jar 
java_command: LeJos_Dance
Launcher Type: SUN_STANDARD

Environment Variables:
JAVA_HOME=c:\program files\java\jdk
PATH=C:/Program Files (x86)/Java/jre7/bin/client;C:/Program Files (x86)/Java/jre7/bin;C:/Program Files (x86)/Java/jre7/lib/i386;c:\Program Files (x86)\NVIDIA Corporation\PhysX\Common;C:\Program Files\Common Files\Microsoft Shared\Windows Live;C:\Program Files (x86)\Common Files\Microsoft Shared\Windows Live;C:\Windows\system32;C:\Windows;C:\Windows\System32\Wbem;C:\Windows\System32\WindowsPowerShell\v1.0\;C:\Program Files\Microsoft\Web Platform Installer\;C:\Program Files (x86)\Microsoft ASP.NET\ASP.NET Web Pages\v1.0\;C:\Program Files (x86)\Windows Kits\8.0\Windows Performance Toolkit\;C:\Program Files\Microsoft SQL Server\110\Tools\Binn\;C:\Program Files (x86)\MiKTeX 2.9\miktex\bin\;C:\Program Files (x86)\Windows Live\Shared;C:\Program Files (x86)\Microsoft SQL Server\110\Tools\Binn\ManagementStudio\;C:\Program Files (x86)\Microsoft SQL Server\110\Tools\Binn\;C:\Program Files (x86)\Microsoft SQL Server\110\DTS\Binn\;C:\Program Files (x86)\G95 Org\Fortran 95\bin\;C:\Program Files (x86)\Common Files\Roxio Shared\DLLShared\;C:\Program Files (x86)\Common Files\Roxio Shared\OEM\DLLShared\;C:\Program Files (x86)\Common Files\Roxio Shared\OEM\DLLShared\;C:\Program Files (x86)\Common Files\Roxio Shared\OEM\12.0\DLLShared\;C:\Program Files (x86)\Roxio\OEM\AudioCore\;c:\program files\java\jdk\bin;c:\lejosbeta9\lejos_nxj\bin;C:\VXIPNP\WinNT\Bin;C:\Program Files\MATLAB\R2012a\runtime\win64;C:\Program Files\MATLAB\R2012a\bin;C:\Program Files (x86)\Common Files\Netop\;C:\Program Files (x86)\Netop\Vision\XL\;C:\Program Files\jEdit;C:\Program Files (x86)\QuickTime\QTSystem\;C:\Windows\system32;
USERNAME=mxn5054
OS=Windows_NT
PROCESSOR_IDENTIFIER=Intel64 Family 6 Model 42 Stepping 7, GenuineIntel



---------------  S Y S T E M  ---------------

OS: Windows 7 , 64 bit Build 7601 Service Pack 1

CPU:total 4 (4 cores per cpu, 1 threads per core) family 6 model 42 stepping 7, cmov, cx8, fxsr, mmx, sse, sse2, sse3, ssse3, sse4.1, sse4.2, popcnt, avx, aes, tsc, tscinvbit

Memory: 4k page, physical 4150204k(1734012k free), swap 8298552k(5766388k free)

vm_info: Java HotSpot(TM) Client VM (24.55-b03) for windows-x86 JRE (1.7.0_55-b14), built on Apr 14 2014 18:25:32 by "java_re" with unknown MS VC++:1600

time: Wed Apr 30 10:32:32 2014
elapsed time: 0 seconds

